<?xml version="1.0" encoding="UTF-8"?>
<!-- Generated by org.testng.reporters.JUnitReportReporter -->
<testsuite hostname="DESKTOP-NTHCL5O" name="boot.DatasProvider" tests="2" failures="0" timestamp="4 Dec 2020 05:04:15 GMT" time="4.897" errors="0">
  <testcase name="testData" time="3.115" classname="boot.DatasProvider"/>
  <testcase name="testData" time="1.782" classname="boot.DatasProvider"/>
</testsuite> <!-- boot.DatasProvider -->
